[2015-01-29 22:38:32] START
[2015-01-29 22:50:50] EDIT FERF/languages/default.py: 0
[2015-01-29 22:52:48] EDIT FERF/views/default/index.html: 0
[2015-01-29 22:54:32] EDIT FERF/views/default/index.html: -24
[2015-01-29 22:54:50] EDIT FERF/controllers/default.py: -8
[2015-01-29 22:59:47] EDIT FERF/views/default/index.html: 1
[2015-01-29 23:00:01] EDIT FERF/controllers/default.py: 0
[2015-01-29 23:00:07] EDIT FERF/controllers/default.py: 1
[2015-01-29 23:00:54] EDIT FERF/controllers/default.py: 7
[2015-01-31 03:20:00] EDIT FERF/controllers/default.py: 0
[2015-01-31 03:20:04] EDIT FERF/views/default/index.html: 0
[2015-01-31 03:21:01] EDIT FERF/controllers/default.py: -7
[2015-01-31 03:21:34] EDIT FERF/views/default/index.html: 1
[2015-01-31 03:30:35] EDIT FERF/views/default/index.html: 4
[2015-01-31 03:32:49] EDIT FERF/views/default/index.html: 1
[2015-01-31 03:33:42] EDIT FERF/views/default/index.html: 0
[2015-01-31 03:33:59] EDIT FERF/views/default/index.html: 0
[2015-01-31 03:37:24] EDIT FERF/views/default/index.html: -1
[2015-01-31 03:37:46] EDIT FERF/views/default/index.html: 0
[2015-01-31 03:39:24] EDIT FERF/views/default/index.html: 5
[2015-01-31 03:39:25] EDIT FERF/views/default/index.html: 0
[2015-01-31 03:41:34] EDIT FERF/views/default/index.html: -6
[2015-01-31 03:42:12] EDIT FERF/views/default/index.html: 1
[2015-01-31 03:42:58] EDIT FERF/views/default/index.html: 0
[2015-01-31 03:43:41] EDIT FERF/views/default/index.html: 7
[2015-01-31 03:45:59] EDIT FERF/views/default/index.html: -7
[2015-01-31 03:48:23] EDIT FERF/views/default/index.html: 0
[2015-01-31 03:50:29] EDIT FERF/controllers/default.py: 0
[2015-01-31 03:50:37] EDIT FERF/views/default/index.html: 1
[2015-01-31 03:50:38] EDIT FERF/views/default/index.html: 0
[2015-01-31 03:50:47] EDIT FERF/views/default/index.html: -1
[2015-01-31 03:52:11] EDIT FERF/views/default/index.html: 0
[2015-01-31 03:52:25] EDIT FERF/views/default/index.html: 0
[2015-01-31 03:52:49] EDIT FERF/views/default/index.html: 1
[2015-01-31 03:52:53] EDIT FERF/views/default/index.html: 0
[2015-01-31 03:53:02] EDIT FERF/views/default/index.html: 0
[2015-01-31 03:54:32] EDIT FERF/views/default/index.html: 0
[2015-01-31 03:54:59] EDIT FERF/views/default/index.html: 1
[2015-01-31 03:55:00] EDIT FERF/views/default/index.html: 0
[2015-01-31 03:55:23] EDIT FERF/views/default/index.html: 0
[2015-01-31 03:56:37] EDIT FERF/views/default/index.html: 0
[2015-01-31 03:57:04] EDIT FERF/views/default/index.html: 0
[2015-01-31 03:57:30] EDIT FERF/views/default/index.html: 0
[2015-01-31 03:58:16] EDIT FERF/views/default/index.html: 0
[2015-01-31 04:00:15] EDIT FERF/views/default/index.html: 0
[2015-01-31 04:00:23] EDIT FERF/views/default/index.html: 0
[2015-01-31 04:00:56] EDIT FERF/views/default/index.html: 0
[2015-01-31 04:01:06] EDIT FERF/views/default/index.html: 0
[2015-01-31 04:05:54] EDIT FERF/views/default/index.html: 0
[2015-01-31 04:06:14] EDIT FERF/views/default/index.html: 0
[2015-01-31 04:06:19] EDIT FERF/views/default/index.html: 0
[2015-01-31 04:08:20] EDIT FERF/views/default/index.html: 0
[2015-01-31 04:09:37] EDIT FERF/views/default/index.html: 0
[2015-01-31 04:09:52] EDIT FERF/views/default/index.html: 0
[2015-01-31 04:10:56] EDIT FERF/views/default/index.html: 0
[2015-01-31 04:11:33] EDIT FERF/views/default/index.html: 0
[2015-01-31 04:12:10] EDIT FERF/views/default/index.html: 0
[2015-01-31 04:12:29] EDIT FERF/views/default/index.html: 0
[2015-01-31 04:13:29] EDIT FERF/views/default/index.html: 0
[2015-01-31 04:14:14] EDIT FERF/views/default/index.html: 0
[2015-01-31 04:15:01] EDIT FERF/views/default/index.html: -1
[2015-01-31 04:15:04] EDIT FERF/views/default/index.html: 1
[2015-01-31 04:15:06] EDIT FERF/views/default/index.html: 0
[2015-01-31 04:15:31] EDIT FERF/views/default/index.html: 0
[2015-01-31 04:15:31] EDIT FERF/views/default/index.html: 0
[2015-01-31 04:15:45] EDIT FERF/views/default/index.html: 0
[2015-01-31 04:19:10] EDIT FERF/views/default/index.html: 1
[2015-01-31 04:21:42] EDIT FERF/views/default/index.html: -1
[2015-01-31 04:22:08] EDIT FERF/views/default/index.html: 0
[2015-01-31 04:25:50] EDIT FERF/views/default/index.html: 0
[2015-01-31 04:25:52] EDIT FERF/views/default/index.html: 0
[2015-01-31 04:26:26] EDIT FERF/views/default/index.html: 2
[2015-01-31 04:26:47] EDIT FERF/views/default/index.html: 0
[2015-01-31 04:28:01] EDIT FERF/views/default/index.html: 0
[2015-01-31 04:29:17] EDIT FERF/views/default/index.html: -1
[2015-01-31 04:30:51] EDIT FERF/views/default/index.html: -1
[2015-01-31 04:31:53] CREATE /css/stylesheet.css: 0
[2015-01-31 04:32:25] CREATE css/style.css: 0
[2015-01-31 04:33:10] EDIT FERF/static/css/style.css: 3
[2015-01-31 04:34:20] EDIT FERF/views/default/index.html: 1
[2015-01-31 04:34:20] EDIT FERF/views/default/index.html: 0
[2015-01-31 04:34:24] EDIT FERF/views/default/index.html: 0
[2015-01-31 04:35:19] EDIT FERF/static/css/style.css: 3
[2015-01-31 04:35:41] EDIT FERF/views/default/index.html: -1
[2015-01-31 04:35:41] EDIT FERF/views/default/index.html: 0
[2015-01-31 04:35:54] EDIT FERF/static/css/style.css: 0
[2015-01-31 04:36:36] EDIT FERF/static/css/style.css: 0
[2015-01-31 04:36:58] EDIT FERF/static/css/style.css: 0
[2015-01-31 04:37:12] EDIT FERF/views/default/index.html: 0
[2015-01-31 04:37:57] EDIT FERF/static/css/style.css: 0
[2015-01-31 04:38:03] EDIT FERF/static/css/style.css: 0
[2015-01-31 04:38:12] EDIT FERF/static/css/style.css: 0
[2015-01-31 04:39:22] EDIT FERF/static/css/style.css: 0
[2015-01-31 04:39:58] EDIT FERF/static/css/style.css: 0
[2015-01-31 04:40:25] EDIT FERF/static/css/style.css: 0
[2015-01-31 04:40:34] EDIT FERF/static/css/style.css: 0
[2015-01-31 04:40:43] EDIT FERF/static/css/style.css: 0
[2015-01-31 04:40:53] EDIT FERF/static/css/style.css: 0
[2015-01-31 04:41:01] EDIT FERF/static/css/style.css: 0
[2015-01-31 04:41:11] EDIT FERF/static/css/style.css: 0
[2015-01-31 04:41:45] EDIT FERF/static/css/style.css: 1
[2015-01-31 04:42:29] EDIT FERF/static/css/style.css: 1
[2015-01-31 04:43:07] EDIT FERF/static/css/style.css: 0
[2015-01-31 04:43:26] EDIT FERF/static/css/style.css: -2
[2015-01-31 04:44:44] EDIT FERF/static/css/style.css: 6
[2015-01-31 04:46:58] EDIT FERF/static/css/style.css: 2
[2015-01-31 04:47:07] EDIT FERF/static/css/style.css: 0
[2015-01-31 04:47:17] EDIT FERF/static/css/style.css: 0
[2015-01-31 04:47:23] EDIT FERF/static/css/style.css: 0
[2015-01-31 04:47:54] EDIT FERF/static/css/style.css: 1
[2015-01-31 04:47:56] EDIT FERF/static/css/style.css: 0
[2015-01-31 04:48:00] EDIT FERF/static/css/style.css: 0
[2015-01-31 04:49:52] EDIT FERF/views/default/index.html: 0
[2015-01-31 04:49:58] EDIT FERF/views/default/index.html: 0
[2015-01-31 04:50:34] EDIT FERF/views/default/index.html: 0
[2015-01-31 04:51:48] EDIT FERF/views/default/index.html: 0
[2015-01-31 04:53:20] EDIT FERF/views/default/index.html: 0
[2015-01-31 04:55:30] EDIT FERF/views/default/index.html: 0
[2015-01-31 04:56:10] EDIT FERF/views/default/index.html: 0
[2015-01-31 05:08:25] EDIT FERF/static/css/style.css: 2
[2015-01-31 05:08:41] EDIT FERF/static/css/style.css: 0
[2015-01-31 05:08:48] EDIT FERF/static/css/style.css: 0
[2015-01-31 05:08:57] EDIT FERF/static/css/style.css: 0
[2015-01-31 05:08:57] EDIT FERF/static/css/style.css: 0
[2015-01-31 05:10:07] EDIT FERF/static/css/style.css: 0
[2015-01-31 05:10:18] EDIT FERF/static/css/style.css: 0
[2015-01-31 05:10:28] EDIT FERF/static/css/style.css: 0
[2015-01-31 05:11:23] EDIT FERF/static/css/style.css: 0
[2015-01-31 05:11:50] EDIT FERF/static/css/style.css: 0
